c:\users\ood\downloads\commprototype (1)\xmldocument\xmldocument\debug\xmldocument.pdb
c:\users\ood\downloads\commprototype (1)\xmldocument\xmldocument\debug\xmldocument.idb
c:\users\ood\downloads\commprototype (1)\xmldocument\xmldocument\debug\tokenizer.obj
c:\users\ood\downloads\commprototype (1)\xmldocument\xmldocument\debug\xmlelementparts.obj
c:\users\ood\downloads\commprototype (1)\xmldocument\xmldocument\debug\xmlelement.obj
c:\users\ood\downloads\commprototype (1)\xmldocument\xmldocument\debug\xmlparser.obj
c:\users\ood\downloads\commprototype (1)\xmldocument\xmldocument\debug\xmldocument.obj
c:\users\ood\documents\github\parser\commprototype (1)\xmldocument\xmldocument\debug\xmldocument.pdb
c:\users\ood\documents\github\parser\commprototype (1)\xmldocument\xmldocument\debug\xmldocument.idb
c:\users\ood\documents\github\parser\commprototype (1)\xmldocument\xmldocument\debug\tokenizer.obj
c:\users\ood\documents\github\parser\commprototype (1)\xmldocument\xmldocument\debug\xmlelementparts.obj
c:\users\ood\documents\github\parser\commprototype (1)\xmldocument\xmldocument\debug\xmlelement.obj
c:\users\ood\documents\github\parser\commprototype (1)\xmldocument\xmldocument\debug\xmlparser.obj
c:\users\ood\documents\github\parser\commprototype (1)\xmldocument\xmldocument\debug\xmldocument.obj
c:\users\ood\downloads\commprototype (1)\debug\xmldocument.lib
c:\users\ood\documents\github\parser\commprototype (1)\debug\xmldocument.lib
c:\users\ood\documents\github\parser\commprototype (1)\debug\xmldocument.pdb
c:\users\ood\documents\github\parser\commprototype (1)\xmldocument\xmldocument\debug\xmldocument.tlog\cl.command.1.tlog
c:\users\ood\documents\github\parser\commprototype (1)\xmldocument\xmldocument\debug\xmldocument.tlog\cl.read.1.tlog
c:\users\ood\documents\github\parser\commprototype (1)\xmldocument\xmldocument\debug\xmldocument.tlog\cl.write.1.tlog
c:\users\ood\documents\github\parser\commprototype (1)\xmldocument\xmldocument\debug\xmldocument.tlog\lib-link.read.1.tlog
c:\users\ood\documents\github\parser\commprototype (1)\xmldocument\xmldocument\debug\xmldocument.tlog\lib-link.write.1.tlog
c:\users\ood\documents\github\parser\commprototype (1)\xmldocument\xmldocument\debug\xmldocument.tlog\lib.command.1.tlog
