c:\users\ood\downloads\commprototype (1)\msgclient\debug\vc140.pdb
c:\users\ood\downloads\commprototype (1)\msgclient\debug\vc140.idb
c:\users\ood\downloads\commprototype (1)\msgclient\debug\filesystem.obj
c:\users\ood\downloads\commprototype (1)\msgclient\debug\httpmessage.obj
c:\users\ood\downloads\commprototype (1)\msgclient\debug\cpp11-blockingqueue.obj
c:\users\ood\downloads\commprototype (1)\msgclient\debug\logger.obj
c:\users\ood\downloads\commprototype (1)\msgclient\debug\sockets.obj
c:\users\ood\downloads\commprototype (1)\msgclient\debug\utilities.obj
c:\users\ood\downloads\commprototype (1)\msgclient\debug\msgclient.obj
c:\users\ood\documents\github\parser\commprototype (1)\msgclient\debug\vc140.pdb
c:\users\ood\documents\github\parser\commprototype (1)\msgclient\debug\vc140.idb
c:\users\ood\documents\github\parser\commprototype (1)\msgclient\debug\filesystem.obj
c:\users\ood\documents\github\parser\commprototype (1)\msgclient\debug\httpmessage.obj
c:\users\ood\documents\github\parser\commprototype (1)\msgclient\debug\cpp11-blockingqueue.obj
c:\users\ood\documents\github\parser\commprototype (1)\msgclient\debug\logger.obj
c:\users\ood\documents\github\parser\commprototype (1)\msgclient\debug\sockets.obj
c:\users\ood\documents\github\parser\commprototype (1)\msgclient\debug\utilities.obj
c:\users\ood\documents\github\parser\commprototype (1)\msgclient\debug\msgclient.obj
c:\users\ood\downloads\commprototype (1)\debug\msgclient.ilk
c:\users\ood\downloads\commprototype (1)\debug\msgclient.exe
c:\users\ood\downloads\commprototype (1)\debug\msgclient.pdb
c:\users\ood\documents\github\parser\commprototype (1)\debug\msgclient.ilk
c:\users\ood\documents\github\parser\commprototype (1)\debug\msgclient.exe
c:\users\ood\documents\github\parser\commprototype (1)\debug\msgclient.pdb
c:\users\ood\documents\github\parser\commprototype (1)\msgclient\debug\msgclient.tlog\cl.command.1.tlog
c:\users\ood\documents\github\parser\commprototype (1)\msgclient\debug\msgclient.tlog\cl.read.1.tlog
c:\users\ood\documents\github\parser\commprototype (1)\msgclient\debug\msgclient.tlog\cl.write.1.tlog
c:\users\ood\documents\github\parser\commprototype (1)\msgclient\debug\msgclient.tlog\link.command.1.tlog
c:\users\ood\documents\github\parser\commprototype (1)\msgclient\debug\msgclient.tlog\link.read.1.tlog
c:\users\ood\documents\github\parser\commprototype (1)\msgclient\debug\msgclient.tlog\link.write.1.tlog
