c:\users\ood\downloads\vshelp\filemgr\debug\vc140.pdb
c:\users\ood\downloads\vshelp\filemgr\debug\vc140.idb
c:\users\ood\downloads\vshelp\filemgr\debug\filemgr.obj
c:\users\ood\downloads\vshelp\filemgr\debug\filesystem.obj
c:\users\ood\downloads\commprototype (1)\vshelp\filemgr\debug\filemgr.pdb
c:\users\ood\downloads\commprototype (1)\vshelp\filemgr\debug\filemgr.idb
c:\users\ood\downloads\commprototype (1)\vshelp\filemgr\debug\filemgr.obj
c:\users\ood\downloads\commprototype (1)\vshelp\filemgr\debug\filesystem.obj
c:\users\ood\documents\github\parser\commprototype (1)\vshelp\filemgr\debug\filemgr.pdb
c:\users\ood\documents\github\parser\commprototype (1)\vshelp\filemgr\debug\filemgr.idb
c:\users\ood\documents\github\parser\commprototype (1)\vshelp\filemgr\debug\filemgr.obj
c:\users\ood\documents\github\parser\commprototype (1)\vshelp\filemgr\debug\filesystem.obj
c:\users\ood\downloads\commprototype (1)\debug\filemgr.lib
c:\users\ood\documents\github\parser\commprototype (1)\debug\filemgr.lib
c:\users\ood\downloads\vshelp\debug\filemgr.ilk
c:\users\ood\downloads\vshelp\debug\filemgr.exe
c:\users\ood\downloads\vshelp\debug\filemgr.pdb
c:\users\ood\documents\github\parser\commprototype (1)\vshelp\filemgr\debug\vc140.idb
c:\users\ood\documents\github\parser\commprototype (1)\vshelp\filemgr\debug\vc140.pdb
c:\users\ood\documents\github\parser\commprototype (1)\debug\filemgr.pdb
c:\users\ood\documents\github\parser\commprototype (1)\vshelp\filemgr\debug\filemgr.tlog\cl.command.1.tlog
c:\users\ood\documents\github\parser\commprototype (1)\vshelp\filemgr\debug\filemgr.tlog\cl.read.1.tlog
c:\users\ood\documents\github\parser\commprototype (1)\vshelp\filemgr\debug\filemgr.tlog\cl.write.1.tlog
c:\users\ood\documents\github\parser\commprototype (1)\vshelp\filemgr\debug\filemgr.tlog\lib-link.read.1.tlog
c:\users\ood\documents\github\parser\commprototype (1)\vshelp\filemgr\debug\filemgr.tlog\lib-link.write.1.tlog
c:\users\ood\documents\github\parser\commprototype (1)\vshelp\filemgr\debug\filemgr.tlog\lib.command.1.tlog
c:\users\ood\documents\github\parser\commprototype (1)\vshelp\filemgr\debug\filemgr.tlog\link.command.1.tlog
c:\users\ood\documents\github\parser\commprototype (1)\vshelp\filemgr\debug\filemgr.tlog\link.read.1.tlog
c:\users\ood\documents\github\parser\commprototype (1)\vshelp\filemgr\debug\filemgr.tlog\link.write.1.tlog
