c:\users\ood\downloads\commprototype (1)\httpmessage\debug\vc140.pdb
c:\users\ood\downloads\commprototype (1)\httpmessage\debug\vc140.idb
c:\users\ood\downloads\commprototype (1)\httpmessage\debug\utilities.obj
c:\users\ood\downloads\commprototype (1)\httpmessage\debug\httpmessage.obj
c:\users\ood\downloads\commprototype (1)\debug\httpmessage.ilk
c:\users\ood\downloads\commprototype (1)\debug\httpmessage.exe
c:\users\ood\downloads\commprototype (1)\debug\httpmessage.pdb
c:\users\ood\documents\github\parser\commprototype (1)\httpmessage\debug\httpmessage.obj
c:\users\ood\documents\github\parser\commprototype (1)\httpmessage\debug\utilities.obj
c:\users\ood\documents\github\parser\commprototype (1)\httpmessage\debug\vc140.idb
c:\users\ood\documents\github\parser\commprototype (1)\httpmessage\debug\vc140.pdb
c:\users\ood\documents\github\parser\commprototype (1)\debug\httpmessage.pdb
c:\users\ood\documents\github\parser\commprototype (1)\debug\httpmessage.exe
c:\users\ood\documents\github\parser\commprototype (1)\debug\httpmessage.ilk
c:\users\ood\documents\github\parser\commprototype (1)\httpmessage\debug\httpmessage.tlog\cl.command.1.tlog
c:\users\ood\documents\github\parser\commprototype (1)\httpmessage\debug\httpmessage.tlog\cl.read.1.tlog
c:\users\ood\documents\github\parser\commprototype (1)\httpmessage\debug\httpmessage.tlog\cl.write.1.tlog
c:\users\ood\documents\github\parser\commprototype (1)\httpmessage\debug\httpmessage.tlog\link.command.1.tlog
c:\users\ood\documents\github\parser\commprototype (1)\httpmessage\debug\httpmessage.tlog\link.read.1.tlog
c:\users\ood\documents\github\parser\commprototype (1)\httpmessage\debug\httpmessage.tlog\link.write.1.tlog
